<?xml version="1.0" encoding="UTF-8"?>
<!-- Generated by org.testng.reporters.JUnitXMLReporter -->
<testsuite ignored="0" hostname="Efosas-MacBook-Air.local" failures="0" tests="4" name="Test ran on Firefox" time="52.571" errors="0" timestamp="2023-09-25T20:59:26 BST">
  <testcase classname="tests.Landingpage_Test" name="PP_001" time="0.519"/>
  <testcase classname="tests.Result_Test" name="PP_003" time="2.049"/>
  <testcase classname="tests.Landingpage_Test" name="PP_002" time="0.366"/>
  <testcase classname="tests.Result_Test" name="PP_004" time="10.376"/>
</testsuite> <!-- Test ran on Firefox -->
