<?xml version="1.0" encoding="UTF-8"?>
<!-- Generated by org.testng.reporters.JUnitXMLReporter -->
<testsuite ignored="0" hostname="Efosas-MacBook-Air.local" failures="0" tests="4" name="Test" time="44.596" errors="0" timestamp="2023-09-25T20:27:47 BST">
  <testcase classname="tests.Landingpage_Test" name="PP_001" time="0.441"/>
  <testcase classname="tests.Landingpage_Test" name="PP_002" time="0.383"/>
  <testcase classname="tests.Result_Test" name="PP_003" time="1.481"/>
  <testcase classname="tests.Result_Test" name="PP_004" time="7.549"/>
</testsuite> <!-- Test -->
